<?xml version="1.0" encoding="UTF-8"?>
<robot generator="Robot 7.0 (Python 3.12.2 on win32)" generated="2024-03-15T17:21:43.986128" rpa="false" schemaversion="5">
<suite id="s1" name="LoginTestcases" source="C:\Users\like1\OneDrive\Desktop\automate-future-skill\testcases\LoginTestcases.robot">
<kw name="Open Browser" owner="SeleniumLibrary" type="SETUP">
<msg time="2024-03-15T17:21:44.118663" level="INFO">Opening browser 'chrome' to base url 'https://futureskill.co/'.</msg>
<arg>${baseUrl}</arg>
<arg>chrome</arg>
<doc>Opens a new browser instance to the optional ``url``.</doc>
<status status="PASS" start="2024-03-15T17:21:44.117658" elapsed="2.015586"/>
</kw>
<test id="s1-t1" name=" I want to register" line="10">
<kw name="Set Variable" owner="BuiltIn">
<msg time="2024-03-15T17:21:46.134244" level="INFO">${email} = like126@hotmail.com</msg>
<var>${email}</var>
<arg>like126@hotmail.com</arg>
<doc>Returns the given values which can then be assigned to a variables.</doc>
<status status="PASS" start="2024-03-15T17:21:46.134244" elapsed="0.000000"/>
</kw>
<kw name="Set Variable" owner="BuiltIn">
<msg time="2024-03-15T17:21:46.134244" level="INFO">${firstName} = pobpa</msg>
<var>${firstName}</var>
<arg>pobpa</arg>
<doc>Returns the given values which can then be assigned to a variables.</doc>
<status status="PASS" start="2024-03-15T17:21:46.134244" elapsed="0.000000"/>
</kw>
<kw name="Set Variable" owner="BuiltIn">
<msg time="2024-03-15T17:21:46.134244" level="INFO">${lastName} = bunya</msg>
<var>${lastName}</var>
<arg>bunya</arg>
<doc>Returns the given values which can then be assigned to a variables.</doc>
<status status="PASS" start="2024-03-15T17:21:46.134244" elapsed="0.000999"/>
</kw>
<kw name="Set Variable" owner="BuiltIn">
<msg time="2024-03-15T17:21:46.135243" level="INFO">${phoneNumber} = 0900182542</msg>
<var>${phoneNumber}</var>
<arg>0900182542</arg>
<doc>Returns the given values which can then be assigned to a variables.</doc>
<status status="PASS" start="2024-03-15T17:21:46.135243" elapsed="0.000000"/>
</kw>
<kw name="Set Variable" owner="BuiltIn">
<msg time="2024-03-15T17:21:46.135243" level="INFO">${newPassword} = NameNaJa027563923</msg>
<var>${newPassword}</var>
<arg>NameNaJa027563923</arg>
<doc>Returns the given values which can then be assigned to a variables.</doc>
<status status="PASS" start="2024-03-15T17:21:46.135243" elapsed="0.000000"/>
</kw>
<kw name="Set Variable" owner="BuiltIn">
<msg time="2024-03-15T17:21:46.135243" level="INFO">${confirmPassword} = NameNaJa027563923</msg>
<var>${confirmPassword}</var>
<arg>NameNaJa027563923</arg>
<doc>Returns the given values which can then be assigned to a variables.</doc>
<status status="PASS" start="2024-03-15T17:21:46.135243" elapsed="0.000000"/>
</kw>
<kw name="Set Variable" owner="BuiltIn">
<msg time="2024-03-15T17:21:46.136243" level="INFO">${expected_message} = ระบบได้ส่งรหัส OTP ไปยังเบอรโ์ทรศัพท์</msg>
<var>${expected_message}</var>
<arg>ระบบได้ส่งรหัส OTP ไปยังเบอรโ์ทรศัพท์</arg>
<doc>Returns the given values which can then be assigned to a variables.</doc>
<status status="PASS" start="2024-03-15T17:21:46.135243" elapsed="0.001000"/>
</kw>
<kw name="When user login to future skill platform with ${email} and ${firstName} and ${lastName} and ${phoneNumber} and ${newPassword} and ${confirmPassword}" owner="LoginPageKeywords" source_name="user login to future skill platform with ${email} and ${firstName} and ${lastName} and ${phoneNumber} and ${newPassword} and ${confirmPassword}">
<kw name="Wait until element is ready then click element" owner="CommonKeywords">
<kw name="Wait Until Keyword Succeeds" owner="BuiltIn">
<kw name="Click Element" owner="SeleniumLibrary">
<msg time="2024-03-15T17:21:46.137243" level="INFO">Clicking element 'xpath=//button[text()="สมัครสมาชิก"]'.</msg>
<msg time="2024-03-15T17:21:46.376487" level="INFO" html="true">&lt;/td&gt;&lt;/tr&gt;&lt;tr&gt;&lt;td colspan="3"&gt;&lt;a href="selenium-screenshot-6.png"&gt;&lt;img src="selenium-screenshot-6.png" width="800px"&gt;&lt;/a&gt;</msg>
<msg time="2024-03-15T17:21:46.376487" level="FAIL">Element with locator 'xpath=//button[text()="สมัครสมาชิก"]' not found.</msg>
<arg>${locator}</arg>
<doc>Click the element identified by ``locator``.</doc>
<status status="FAIL" start="2024-03-15T17:21:46.137243" elapsed="0.277302">Element with locator 'xpath=//button[text()="สมัครสมาชิก"]' not found.</status>
</kw>
<kw name="Click Element" owner="SeleniumLibrary">
<msg time="2024-03-15T17:21:48.414976" level="INFO">Clicking element 'xpath=//button[text()="สมัครสมาชิก"]'.</msg>
<arg>${locator}</arg>
<doc>Click the element identified by ``locator``.</doc>
<status status="PASS" start="2024-03-15T17:21:48.414976" elapsed="0.550452"/>
</kw>
<arg>5x</arg>
<arg>2s</arg>
<arg>Click Element</arg>
<arg>${locator}</arg>
<doc>Runs the specified keyword and retries if it fails.</doc>
<status status="PASS" start="2024-03-15T17:21:46.137243" elapsed="2.828185"/>
</kw>
<arg>xpath=//button[text()="สมัครสมาชิก"]</arg>
<status status="PASS" start="2024-03-15T17:21:46.137243" elapsed="2.828185"/>
</kw>
<kw name="Wait until element is ready then input text" owner="CommonKeywords">
<kw name="Wait Until Keyword Succeeds" owner="BuiltIn">
<kw name="Input Text" owner="SeleniumLibrary">
<msg time="2024-03-15T17:21:48.966427" level="INFO">Typing text 'like126@hotmail.com' into text field 'name=email'.</msg>
<arg>${locator}</arg>
<arg>${text}</arg>
<doc>Types the given ``text`` into the text field identified by ``locator``.</doc>
<status status="PASS" start="2024-03-15T17:21:48.966427" elapsed="0.179616"/>
</kw>
<arg>5x</arg>
<arg>2s</arg>
<arg>Input Text</arg>
<arg>${locator}</arg>
<arg>${text}</arg>
<doc>Runs the specified keyword and retries if it fails.</doc>
<status status="PASS" start="2024-03-15T17:21:48.966427" elapsed="0.179616"/>
</kw>
<arg>name=email</arg>
<arg>${email}</arg>
<status status="PASS" start="2024-03-15T17:21:48.966427" elapsed="0.179616"/>
</kw>
<kw name="Wait until element is ready then input text" owner="CommonKeywords">
<kw name="Wait Until Keyword Succeeds" owner="BuiltIn">
<kw name="Input Text" owner="SeleniumLibrary">
<msg time="2024-03-15T17:21:49.147043" level="INFO">Typing text 'pobpa' into text field 'name=firstName'.</msg>
<arg>${locator}</arg>
<arg>${text}</arg>
<doc>Types the given ``text`` into the text field identified by ``locator``.</doc>
<status status="PASS" start="2024-03-15T17:21:49.146043" elapsed="0.043110"/>
</kw>
<arg>5x</arg>
<arg>2s</arg>
<arg>Input Text</arg>
<arg>${locator}</arg>
<arg>${text}</arg>
<doc>Runs the specified keyword and retries if it fails.</doc>
<status status="PASS" start="2024-03-15T17:21:49.146043" elapsed="0.043110"/>
</kw>
<arg>name=firstName</arg>
<arg>${firstName}</arg>
<status status="PASS" start="2024-03-15T17:21:49.146043" elapsed="0.043110"/>
</kw>
<kw name="Wait until element is ready then input text" owner="CommonKeywords">
<kw name="Wait Until Keyword Succeeds" owner="BuiltIn">
<kw name="Input Text" owner="SeleniumLibrary">
<msg time="2024-03-15T17:21:49.190152" level="INFO">Typing text 'bunya' into text field 'name=lastName'.</msg>
<arg>${locator}</arg>
<arg>${text}</arg>
<doc>Types the given ``text`` into the text field identified by ``locator``.</doc>
<status status="PASS" start="2024-03-15T17:21:49.190152" elapsed="0.041531"/>
</kw>
<arg>5x</arg>
<arg>2s</arg>
<arg>Input Text</arg>
<arg>${locator}</arg>
<arg>${text}</arg>
<doc>Runs the specified keyword and retries if it fails.</doc>
<status status="PASS" start="2024-03-15T17:21:49.190152" elapsed="0.042531"/>
</kw>
<arg>name=lastName</arg>
<arg>${lastName}</arg>
<status status="PASS" start="2024-03-15T17:21:49.189153" elapsed="0.043530"/>
</kw>
<kw name="Wait until element is ready then input text" owner="CommonKeywords">
<kw name="Wait Until Keyword Succeeds" owner="BuiltIn">
<kw name="Input Text" owner="SeleniumLibrary">
<msg time="2024-03-15T17:21:49.233683" level="INFO">Typing text '0900182542' into text field 'name=phoneNumber'.</msg>
<arg>${locator}</arg>
<arg>${text}</arg>
<doc>Types the given ``text`` into the text field identified by ``locator``.</doc>
<status status="PASS" start="2024-03-15T17:21:49.232683" elapsed="0.050531"/>
</kw>
<arg>5x</arg>
<arg>2s</arg>
<arg>Input Text</arg>
<arg>${locator}</arg>
<arg>${text}</arg>
<doc>Runs the specified keyword and retries if it fails.</doc>
<status status="PASS" start="2024-03-15T17:21:49.232683" elapsed="0.050531"/>
</kw>
<arg>name=phoneNumber</arg>
<arg>${phoneNumber}</arg>
<status status="PASS" start="2024-03-15T17:21:49.232683" elapsed="0.050531"/>
</kw>
<kw name="Wait until element is ready then input text" owner="CommonKeywords">
<kw name="Wait Until Keyword Succeeds" owner="BuiltIn">
<kw name="Input Text" owner="SeleniumLibrary">
<msg time="2024-03-15T17:21:49.284214" level="INFO">Typing text 'NameNaJa027563923' into text field 'name=newPassword'.</msg>
<arg>${locator}</arg>
<arg>${text}</arg>
<doc>Types the given ``text`` into the text field identified by ``locator``.</doc>
<status status="PASS" start="2024-03-15T17:21:49.284214" elapsed="0.053955"/>
</kw>
<arg>5x</arg>
<arg>2s</arg>
<arg>Input Text</arg>
<arg>${locator}</arg>
<arg>${text}</arg>
<doc>Runs the specified keyword and retries if it fails.</doc>
<status status="PASS" start="2024-03-15T17:21:49.284214" elapsed="0.053955"/>
</kw>
<arg>name=newPassword</arg>
<arg>${newPassword}</arg>
<status status="PASS" start="2024-03-15T17:21:49.284214" elapsed="0.053955"/>
</kw>
<kw name="Wait until element is ready then input text" owner="CommonKeywords">
<kw name="Wait Until Keyword Succeeds" owner="BuiltIn">
<kw name="Input Text" owner="SeleniumLibrary">
<msg time="2024-03-15T17:21:49.339169" level="INFO">Typing text 'NameNaJa027563923' into text field 'name=confirmPassword'.</msg>
<arg>${locator}</arg>
<arg>${text}</arg>
<doc>Types the given ``text`` into the text field identified by ``locator``.</doc>
<status status="PASS" start="2024-03-15T17:21:49.338169" elapsed="0.067930"/>
</kw>
<arg>5x</arg>
<arg>2s</arg>
<arg>Input Text</arg>
<arg>${locator}</arg>
<arg>${text}</arg>
<doc>Runs the specified keyword and retries if it fails.</doc>
<status status="PASS" start="2024-03-15T17:21:49.338169" elapsed="0.067930"/>
</kw>
<arg>name=confirmPassword</arg>
<arg>${confirmPassword}</arg>
<status status="PASS" start="2024-03-15T17:21:49.338169" elapsed="0.067930"/>
</kw>
<kw name="Wait until element is ready then click element" owner="CommonKeywords">
<kw name="Wait Until Keyword Succeeds" owner="BuiltIn">
<kw name="Click Element" owner="SeleniumLibrary">
<msg time="2024-03-15T17:21:49.407099" level="INFO">Clicking element '//*[@id="__next"]/div[2]/div/div[2]/div/form/div/div[6]/label/input'.</msg>
<arg>${locator}</arg>
<doc>Click the element identified by ``locator``.</doc>
<status status="PASS" start="2024-03-15T17:21:49.407099" elapsed="0.026519"/>
</kw>
<arg>5x</arg>
<arg>2s</arg>
<arg>Click Element</arg>
<arg>${locator}</arg>
<doc>Runs the specified keyword and retries if it fails.</doc>
<status status="PASS" start="2024-03-15T17:21:49.407099" elapsed="0.026519"/>
</kw>
<arg>//*[@id="__next"]/div[2]/div/div[2]/div/form/div/div[6]/label/input</arg>
<status status="PASS" start="2024-03-15T17:21:49.406099" elapsed="0.027519"/>
</kw>
<kw name="Wait until element is ready then click element" owner="CommonKeywords">
<kw name="Wait Until Keyword Succeeds" owner="BuiltIn">
<kw name="Click Element" owner="SeleniumLibrary">
<msg time="2024-03-15T17:21:49.434619" level="INFO">Clicking element '//*[@id="__next"]/div[2]/div/div[2]/div/form/div/div[7]/button'.</msg>
<arg>${locator}</arg>
<doc>Click the element identified by ``locator``.</doc>
<status status="PASS" start="2024-03-15T17:21:49.434619" elapsed="0.050582"/>
</kw>
<arg>5x</arg>
<arg>2s</arg>
<arg>Click Element</arg>
<arg>${locator}</arg>
<doc>Runs the specified keyword and retries if it fails.</doc>
<status status="PASS" start="2024-03-15T17:21:49.434619" elapsed="0.050582"/>
</kw>
<arg>//*[@id="__next"]/div[2]/div/div[2]/div/form/div/div[7]/button</arg>
<status status="PASS" start="2024-03-15T17:21:49.433618" elapsed="0.051583"/>
</kw>
<status status="PASS" start="2024-03-15T17:21:46.136243" elapsed="3.348958"/>
</kw>
<kw name="then future skill should display display otp &quot;ระบบได้ส่งรหัส OTP ไปยังเบอร์โทรศัพท์&quot;" owner="LoginPageKeywords" source_name="future skill should display display otp &quot;${expected_message}&quot;">
<kw name="Wait until page contains element then verify text" owner="CommonKeywords">
<kw name="Wait Until Keyword Succeeds" owner="BuiltIn">
<kw name="Page Should Contain" owner="SeleniumLibrary">
<msg time="2024-03-15T17:21:49.646259" level="INFO" html="true">&lt;/td&gt;&lt;/tr&gt;&lt;tr&gt;&lt;td colspan="3"&gt;&lt;a href="selenium-screenshot-7.png"&gt;&lt;img src="selenium-screenshot-7.png" width="800px"&gt;&lt;/a&gt;</msg>
<msg time="2024-03-15T17:21:49.646259" level="FAIL">Page should have contained text 'ระบบได้ส่งรหัส OTP ไปยังเบอร์โทรศัพท์' but did not.</msg>
<arg>${expected_text}</arg>
<doc>Verifies that current page contains ``text``.</doc>
<status status="FAIL" start="2024-03-15T17:21:49.487199" elapsed="0.159060">Page should have contained text 'ระบบได้ส่งรหัส OTP ไปยังเบอร์โทรศัพท์' but did not.</status>
</kw>
<kw name="Page Should Contain" owner="SeleniumLibrary">
<msg time="2024-03-15T17:21:51.652210" level="INFO">Current page contains text 'ระบบได้ส่งรหัส OTP ไปยังเบอร์โทรศัพท์'.</msg>
<arg>${expected_text}</arg>
<doc>Verifies that current page contains ``text``.</doc>
<status status="PASS" start="2024-03-15T17:21:51.646691" elapsed="0.005519"/>
</kw>
<arg>5x</arg>
<arg>2s</arg>
<arg>Page Should Contain</arg>
<arg>${expected_text}</arg>
<doc>Runs the specified keyword and retries if it fails.</doc>
<status status="PASS" start="2024-03-15T17:21:49.486201" elapsed="2.166009"/>
</kw>
<arg>${expected_message}</arg>
<status status="PASS" start="2024-03-15T17:21:49.486201" elapsed="2.166009"/>
</kw>
<status status="PASS" start="2024-03-15T17:21:49.486201" elapsed="2.166009"/>
</kw>
<status status="PASS" start="2024-03-15T17:21:46.133244" elapsed="5.518966"/>
</test>
<kw name="Close Browser" owner="SeleniumLibrary" type="TEARDOWN">
<doc>Closes the current browser.</doc>
<status status="PASS" start="2024-03-15T17:21:51.653211" elapsed="2.099860"/>
</kw>
<status status="PASS" start="2024-03-15T17:21:43.987128" elapsed="9.765943"/>
</suite>
<statistics>
<total>
<stat pass="1" fail="0" skip="0">All Tests</stat>
</total>
<tag>
</tag>
<suite>
<stat pass="1" fail="0" skip="0" id="s1" name="LoginTestcases">LoginTestcases</stat>
</suite>
</statistics>
<errors>
</errors>
</robot>
